{
"contracts\\Shop.sol":{"l":{"29":30,"39":6,"40":1,"42":5,"46":8,"47":8,"48":8,"52":3,"53":3,"54":3,"55":3,"56":1,"58":2,"59":1,"61":1,"62":1,"63":1,"64":1,"65":1,"66":1,"70":2,"71":1,"73":1,"74":1,"75":1,"79":1,"83":2,"87":0},"path":"C:\\Users\\sergi\\Desktop\\Criptos\\official\\my-decentralized-shop\\contracts\\Shop.sol","s":{"1":30,"2":6,"3":8,"4":8,"5":3,"6":3,"7":3,"8":3,"9":2,"10":1,"11":1,"12":1,"13":1,"14":2,"15":1,"16":1,"17":2},"b":{"1":[1,5],"2":[1,2],"3":[1,1],"4":[1,1]},"f":{"1":30,"2":6,"3":8,"4":3,"5":2,"6":1,"7":2,"8":0},"fnMap":{"1":{"name":"constructor","line":28,"loc":{"start":{"line":28,"column":4},"end":{"line":30,"column":4}}},"2":{"name":"isListed","line":38,"loc":{"start":{"line":38,"column":4},"end":{"line":43,"column":4}}},"3":{"name":"listItem","line":45,"loc":{"start":{"line":45,"column":4},"end":{"line":49,"column":4}}},"4":{"name":"buyItem","line":51,"loc":{"start":{"line":51,"column":4},"end":{"line":67,"column":4}}},"5":{"name":"cancelItem","line":69,"loc":{"start":{"line":69,"column":4},"end":{"line":76,"column":4}}},"6":{"name":"getListedItem","line":78,"loc":{"start":{"line":78,"column":4},"end":{"line":80,"column":4}}},"7":{"name":"getItemAmount","line":82,"loc":{"start":{"line":82,"column":4},"end":{"line":84,"column":4}}},"8":{"name":"givePoints","line":86,"loc":{"start":{"line":86,"column":4},"end":{"line":88,"column":4}}}},"statementMap":{"1":{"start":{"line":29,"column":7},"end":{"line":29,"column":25}},"2":{"start":{"line":39,"column":8},"end":{"line":39,"column":1047}},"3":{"start":{"line":46,"column":8},"end":{"line":46,"column":94}},"4":{"start":{"line":48,"column":8},"end":{"line":48,"column":71}},"5":{"start":{"line":52,"column":8},"end":{"line":52,"column":40}},"6":{"start":{"line":53,"column":8},"end":{"line":53,"column":63}},"7":{"start":{"line":54,"column":8},"end":{"line":54,"column":42}},"8":{"start":{"line":55,"column":8},"end":{"line":55,"column":1679}},"9":{"start":{"line":58,"column":8},"end":{"line":58,"column":1787}},"10":{"start":{"line":61,"column":8},"end":{"line":61,"column":50}},"11":{"start":{"line":62,"column":8},"end":{"line":62,"column":39}},"12":{"start":{"line":63,"column":8},"end":{"line":63,"column":46}},"13":{"start":{"line":65,"column":8},"end":{"line":65,"column":60}},"14":{"start":{"line":70,"column":8},"end":{"line":70,"column":2209}},"15":{"start":{"line":74,"column":8},"end":{"line":74,"column":51}},"16":{"start":{"line":79,"column":8},"end":{"line":79,"column":61}},"17":{"start":{"line":83,"column":8},"end":{"line":83,"column":25}}},"branchMap":{"1":{"line":39,"type":"if","locations":[{"start":{"line":39,"column":8},"end":{"line":39,"column":8}},{"start":{"line":39,"column":8},"end":{"line":39,"column":8}}]},"2":{"line":55,"type":"if","locations":[{"start":{"line":55,"column":8},"end":{"line":55,"column":8}},{"start":{"line":55,"column":8},"end":{"line":55,"column":8}}]},"3":{"line":58,"type":"if","locations":[{"start":{"line":58,"column":8},"end":{"line":58,"column":8}},{"start":{"line":58,"column":8},"end":{"line":58,"column":8}}]},"4":{"line":70,"type":"if","locations":[{"start":{"line":70,"column":8},"end":{"line":70,"column":8}},{"start":{"line":70,"column":8},"end":{"line":70,"column":8}}]}}},
"contracts\\Users.sol":{"l":{"31":75,"35":8,"36":8,"40":8,"49":6,"50":1,"52":5,"56":3,"57":1,"58":0,"60":1,"61":0,"63":1,"67":5,"68":1,"70":4,"71":1,"73":3,"74":0,"77":3,"78":3,"79":3,"83":2,"84":2,"88":2,"89":2,"93":2,"94":2,"98":1,"102":1,"106":1,"110":1,"114":1,"118":1},"path":"C:\\Users\\sergi\\Desktop\\Criptos\\official\\my-decentralized-shop\\contracts\\Users.sol","s":{"1":75,"2":8,"3":8,"4":8,"5":2,"6":6,"7":0,"8":6,"9":0,"10":6,"11":0,"12":6,"13":0,"14":6,"15":6,"16":6,"17":5,"18":3,"19":1,"20":1,"21":1,"22":5,"23":4,"24":3,"25":3,"26":3,"27":2,"28":2,"29":2,"30":2,"31":2,"32":2,"33":1,"34":1,"35":1,"36":1,"37":1,"38":1},"b":{"1":[2,6],"2":[0,6],"3":[0,6],"4":[0,6],"5":[0,6],"6":[6,0],"7":[1,5],"8":[0,1],"9":[0,1],"10":[1,4],"11":[1,3],"12":[0,3]},"f":{"1":75,"2":8,"3":8,"4":6,"5":3,"6":5,"7":2,"8":2,"9":2,"10":1,"11":1,"12":1,"13":1,"14":1,"15":1},"fnMap":{"1":{"name":"constructor","line":30,"loc":{"start":{"line":30,"column":4},"end":{"line":32,"column":4}}},"2":{"name":"givePoints","line":34,"loc":{"start":{"line":34,"column":4},"end":{"line":37,"column":4}}},"3":{"name":"updateLevel","line":39,"loc":{"start":{"line":39,"column":4},"end":{"line":46,"column":4}}},"4":{"name":"makeEmbassador","line":48,"loc":{"start":{"line":48,"column":4},"end":{"line":53,"column":4}}},"5":{"name":"cancelEmbassador","line":55,"loc":{"start":{"line":55,"column":4},"end":{"line":64,"column":4}}},"6":{"name":"evaluateOwner","line":66,"loc":{"start":{"line":66,"column":4},"end":{"line":80,"column":4}}},"7":{"name":"setMyAddress","line":82,"loc":{"start":{"line":82,"column":4},"end":{"line":85,"column":4}}},"8":{"name":"setMyMail","line":87,"loc":{"start":{"line":87,"column":4},"end":{"line":90,"column":4}}},"9":{"name":"setMyTelephone","line":92,"loc":{"start":{"line":92,"column":4},"end":{"line":95,"column":4}}},"10":{"name":"getMyAddress","line":97,"loc":{"start":{"line":97,"column":4},"end":{"line":99,"column":4}}},"11":{"name":"getMyMail","line":101,"loc":{"start":{"line":101,"column":4},"end":{"line":103,"column":4}}},"12":{"name":"getMyTelephone","line":105,"loc":{"start":{"line":105,"column":4},"end":{"line":107,"column":4}}},"13":{"name":"getMyLevel","line":109,"loc":{"start":{"line":109,"column":4},"end":{"line":111,"column":4}}},"14":{"name":"getOwnerVotes","line":113,"loc":{"start":{"line":113,"column":4},"end":{"line":115,"column":4}}},"15":{"name":"checkEmbassador","line":117,"loc":{"start":{"line":117,"column":4},"end":{"line":119,"column":4}}}},"statementMap":{"1":{"start":{"line":31,"column":8},"end":{"line":31,"column":26}},"2":{"start":{"line":35,"column":8},"end":{"line":35,"column":54}},"3":{"start":{"line":36,"column":8},"end":{"line":36,"column":25}},"4":{"start":{"line":40,"column":8},"end":{"line":40,"column":1276}},"5":{"start":{"line":40,"column":36},"end":{"line":40,"column":55}},"6":{"start":{"line":41,"column":13},"end":{"line":41,"column":1340}},"7":{"start":{"line":41,"column":69},"end":{"line":41,"column":88}},"8":{"start":{"line":42,"column":13},"end":{"line":42,"column":1432}},"9":{"start":{"line":42,"column":69},"end":{"line":42,"column":88}},"10":{"start":{"line":43,"column":13},"end":{"line":43,"column":1524}},"11":{"start":{"line":43,"column":69},"end":{"line":43,"column":88}},"12":{"start":{"line":44,"column":13},"end":{"line":44,"column":1616}},"13":{"start":{"line":44,"column":69},"end":{"line":44,"column":88}},"14":{"start":{"line":45,"column":13},"end":{"line":45,"column":62}},"15":{"start":{"line":45,"column":42},"end":{"line":45,"column":61}},"16":{"start":{"line":49,"column":8},"end":{"line":49,"column":1787}},"17":{"start":{"line":52,"column":8},"end":{"line":52,"column":33}},"18":{"start":{"line":56,"column":8},"end":{"line":56,"column":49}},"19":{"start":{"line":57,"column":8},"end":{"line":57,"column":2043}},"20":{"start":{"line":60,"column":8},"end":{"line":60,"column":2129}},"21":{"start":{"line":63,"column":8},"end":{"line":63,"column":34}},"22":{"start":{"line":67,"column":8},"end":{"line":67,"column":2320}},"23":{"start":{"line":70,"column":8},"end":{"line":70,"column":2425}},"24":{"start":{"line":73,"column":8},"end":{"line":73,"column":2534}},"25":{"start":{"line":77,"column":8},"end":{"line":77,"column":40}},"26":{"start":{"line":78,"column":8},"end":{"line":78,"column":39}},"27":{"start":{"line":83,"column":8},"end":{"line":83,"column":43}},"28":{"start":{"line":84,"column":8},"end":{"line":84,"column":50}},"29":{"start":{"line":88,"column":8},"end":{"line":88,"column":37}},"30":{"start":{"line":89,"column":8},"end":{"line":89,"column":44}},"31":{"start":{"line":93,"column":8},"end":{"line":93,"column":47}},"32":{"start":{"line":94,"column":8},"end":{"line":94,"column":54}},"33":{"start":{"line":98,"column":8},"end":{"line":98,"column":38}},"34":{"start":{"line":102,"column":8},"end":{"line":102,"column":35}},"35":{"start":{"line":106,"column":8},"end":{"line":106,"column":40}},"36":{"start":{"line":110,"column":8},"end":{"line":110,"column":36}},"37":{"start":{"line":114,"column":8},"end":{"line":114,"column":25}},"38":{"start":{"line":118,"column":8},"end":{"line":118,"column":34}}},"branchMap":{"1":{"line":40,"type":"if","locations":[{"start":{"line":40,"column":8},"end":{"line":40,"column":8}},{"start":{"line":40,"column":8},"end":{"line":40,"column":8}}]},"2":{"line":41,"type":"if","locations":[{"start":{"line":41,"column":13},"end":{"line":41,"column":13}},{"start":{"line":41,"column":13},"end":{"line":41,"column":13}}]},"3":{"line":42,"type":"if","locations":[{"start":{"line":42,"column":13},"end":{"line":42,"column":13}},{"start":{"line":42,"column":13},"end":{"line":42,"column":13}}]},"4":{"line":43,"type":"if","locations":[{"start":{"line":43,"column":13},"end":{"line":43,"column":13}},{"start":{"line":43,"column":13},"end":{"line":43,"column":13}}]},"5":{"line":44,"type":"if","locations":[{"start":{"line":44,"column":13},"end":{"line":44,"column":13}},{"start":{"line":44,"column":13},"end":{"line":44,"column":13}}]},"6":{"line":45,"type":"if","locations":[{"start":{"line":45,"column":13},"end":{"line":45,"column":13}},{"start":{"line":45,"column":13},"end":{"line":45,"column":13}}]},"7":{"line":49,"type":"if","locations":[{"start":{"line":49,"column":8},"end":{"line":49,"column":8}},{"start":{"line":49,"column":8},"end":{"line":49,"column":8}}]},"8":{"line":57,"type":"if","locations":[{"start":{"line":57,"column":8},"end":{"line":57,"column":8}},{"start":{"line":57,"column":8},"end":{"line":57,"column":8}}]},"9":{"line":60,"type":"if","locations":[{"start":{"line":60,"column":8},"end":{"line":60,"column":8}},{"start":{"line":60,"column":8},"end":{"line":60,"column":8}}]},"10":{"line":67,"type":"if","locations":[{"start":{"line":67,"column":8},"end":{"line":67,"column":8}},{"start":{"line":67,"column":8},"end":{"line":67,"column":8}}]},"11":{"line":70,"type":"if","locations":[{"start":{"line":70,"column":8},"end":{"line":70,"column":8}},{"start":{"line":70,"column":8},"end":{"line":70,"column":8}}]},"12":{"line":73,"type":"if","locations":[{"start":{"line":73,"column":8},"end":{"line":73,"column":8}},{"start":{"line":73,"column":8},"end":{"line":73,"column":8}}]}}}}
