TN:
SF:C:\Users\sergi\Desktop\Criptos\official\my-decentralized-shop\contracts\Shop.sol
FN:28,constructor
FN:38,isListed
FN:45,listItem
FN:51,buyItem
FN:69,cancelItem
FN:78,getListedItem
FN:82,getItemAmount
FN:86,givePoints
FNF:8
FNH:7
FNDA:30,constructor
FNDA:6,isListed
FNDA:8,listItem
FNDA:3,buyItem
FNDA:2,cancelItem
FNDA:1,getListedItem
FNDA:2,getItemAmount
FNDA:0,givePoints
DA:29,30
DA:39,6
DA:40,1
DA:42,5
DA:46,8
DA:47,8
DA:48,8
DA:52,3
DA:53,3
DA:54,3
DA:55,3
DA:56,1
DA:58,2
DA:59,1
DA:61,1
DA:62,1
DA:63,1
DA:64,1
DA:65,1
DA:66,1
DA:70,2
DA:71,1
DA:73,1
DA:74,1
DA:75,1
DA:79,1
DA:83,2
DA:87,0
LF:28
LH:27
BRDA:39,1,0,1
BRDA:39,1,1,5
BRDA:55,2,0,1
BRDA:55,2,1,2
BRDA:58,3,0,1
BRDA:58,3,1,1
BRDA:70,4,0,1
BRDA:70,4,1,1
BRF:8
BRH:8
end_of_record
TN:
SF:C:\Users\sergi\Desktop\Criptos\official\my-decentralized-shop\contracts\Users.sol
FN:30,constructor
FN:34,givePoints
FN:39,updateLevel
FN:48,makeEmbassador
FN:55,cancelEmbassador
FN:66,evaluateOwner
FN:82,setMyAddress
FN:87,setMyMail
FN:92,setMyTelephone
FN:97,getMyAddress
FN:101,getMyMail
FN:105,getMyTelephone
FN:109,getMyLevel
FN:113,getOwnerVotes
FN:117,checkEmbassador
FNF:15
FNH:15
FNDA:75,constructor
FNDA:8,givePoints
FNDA:8,updateLevel
FNDA:6,makeEmbassador
FNDA:3,cancelEmbassador
FNDA:5,evaluateOwner
FNDA:2,setMyAddress
FNDA:2,setMyMail
FNDA:2,setMyTelephone
FNDA:1,getMyAddress
FNDA:1,getMyMail
FNDA:1,getMyTelephone
FNDA:1,getMyLevel
FNDA:1,getOwnerVotes
FNDA:1,checkEmbassador
DA:31,75
DA:35,8
DA:36,8
DA:40,8
DA:49,6
DA:50,1
DA:52,5
DA:56,3
DA:57,1
DA:58,0
DA:60,1
DA:61,0
DA:63,1
DA:67,5
DA:68,1
DA:70,4
DA:71,1
DA:73,3
DA:74,0
DA:77,3
DA:78,3
DA:79,3
DA:83,2
DA:84,2
DA:88,2
DA:89,2
DA:93,2
DA:94,2
DA:98,1
DA:102,1
DA:106,1
DA:110,1
DA:114,1
DA:118,1
LF:34
LH:31
BRDA:40,1,0,2
BRDA:40,1,1,6
BRDA:41,2,0,0
BRDA:41,2,1,6
BRDA:42,3,0,0
BRDA:42,3,1,6
BRDA:43,4,0,0
BRDA:43,4,1,6
BRDA:44,5,0,0
BRDA:44,5,1,6
BRDA:45,6,0,6
BRDA:45,6,1,0
BRDA:49,7,0,1
BRDA:49,7,1,5
BRDA:57,8,0,0
BRDA:57,8,1,1
BRDA:60,9,0,0
BRDA:60,9,1,1
BRDA:67,10,0,1
BRDA:67,10,1,4
BRDA:70,11,0,1
BRDA:70,11,1,3
BRDA:73,12,0,0
BRDA:73,12,1,3
BRF:24
BRH:16
end_of_record
